<?xml version="1.0" encoding="UTF-8"?>
<!-- Generated by org.testng.reporters.JUnitReportReporter -->
<testsuite hostname="Aditi" failures="0" tests="3" name="tests.PutPatchAndDeleteExamples" time="3.320" errors="0" timestamp="2024-03-26T16:25:33 CDT" skipped="0">
  <testcase classname="tests.PutPatchAndDeleteExamples" name="testPut" time="0.352"/>
  <testcase classname="tests.PutPatchAndDeleteExamples" name="testPatch" time="0.424"/>
  <testcase classname="tests.PutPatchAndDeleteExamples" name="testDelete" time="2.544"/>
</testsuite> <!-- tests.PutPatchAndDeleteExamples -->
