<?xml version="1.0" encoding="UTF-8"?>
<!-- Generated by org.testng.reporters.JUnitReportReporter -->
<testsuite hostname="Aditi" failures="0" tests="2" name="tests.GetAndPostExamples" time="3.678" errors="0" timestamp="2024-03-26T16:12:28 CDT" skipped="0">
  <testcase classname="tests.GetAndPostExamples" name="testPost" time="0.434"/>
  <testcase classname="tests.GetAndPostExamples" name="testGet" time="3.244"/>
</testsuite> <!-- tests.GetAndPostExamples -->
